d:\github\cppframework\solarsystem\solarsystem\debug\vc120.pdb
d:\github\cppframework\solarsystem\solarsystem\debug\vc120.idb
d:\github\cppframework\solarsystem\solarsystem\debug\monitorthread.obj
d:\github\cppframework\solarsystem\solarsystem\debug\osdispatcher.obj
d:\github\cppframework\solarsystem\solarsystem\debug\osdispatcherex.obj
d:\github\cppframework\solarsystem\solarsystem\debug\osmessagebase.obj
d:\github\cppframework\solarsystem\solarsystem\debug\osthread.obj
d:\github\cppframework\solarsystem\solarsystem\debug\osthreadex.obj
d:\github\cppframework\solarsystem\solarsystem\debug\osthreadpool.obj
d:\github\cppframework\solarsystem\solarsystem\debug\stack.obj
d:\github\cppframework\solarsystem\solarsystem\debug\variadictemplates.obj
d:\github\cppframework\solarsystem\solarsystem\debug\algorithm.obj
d:\github\cppframework\solarsystem\solarsystem\debug\circlebuff.obj
d:\github\cppframework\solarsystem\solarsystem\debug\dynclass.obj
d:\github\cppframework\solarsystem\solarsystem\debug\mystring.obj
d:\github\cppframework\solarsystem\solarsystem\debug\rightreference.obj
d:\github\cppframework\solarsystem\solarsystem\debug\cildevice.obj
d:\github\cppframework\solarsystem\solarsystem\debug\cildispatcher.obj
d:\github\cppframework\solarsystem\solarsystem\debug\cilpacket.obj
d:\github\cppframework\solarsystem\solarsystem\debug\cilrequest.obj
d:\github\cppframework\solarsystem\solarsystem\debug\cilschedule.obj
d:\github\cppframework\solarsystem\solarsystem\debug\cilservice.obj
d:\github\cppframework\solarsystem\solarsystem\debug\kdapp.obj
d:\github\cppframework\solarsystem\solarsystem\debug\main.obj
d:\github\cppframework\solarsystem\debug\solarsystem.ilk
d:\github\cppframework\solarsystem\debug\solarsystem.exe
d:\github\cppframework\solarsystem\debug\solarsystem.pdb
d:\github\cppframework\solarsystem\solarsystem\debug\solarsystem.tlog\cl.command.1.tlog
d:\github\cppframework\solarsystem\solarsystem\debug\solarsystem.tlog\cl.read.1.tlog
d:\github\cppframework\solarsystem\solarsystem\debug\solarsystem.tlog\cl.write.1.tlog
d:\github\cppframework\solarsystem\solarsystem\debug\solarsystem.tlog\link.command.1.tlog
d:\github\cppframework\solarsystem\solarsystem\debug\solarsystem.tlog\link.read.1.tlog
d:\github\cppframework\solarsystem\solarsystem\debug\solarsystem.tlog\link.write.1.tlog
