d:\workspace\moderncpp\moderncpp\moderncpp\x64\debug\vc141.pdb
d:\workspace\moderncpp\moderncpp\moderncpp\x64\debug\vc141.idb
d:\workspace\moderncpp\moderncpp\moderncpp\x64\debug\main.obj
d:\workspace\moderncpp\moderncpp\moderncpp\x64\debug\student.obj
d:\workspace\moderncpp\moderncpp\moderncpp\x64\debug\linked_list.obj
d:\workspace\moderncpp\moderncpp\x64\debug\moderncpp.exe
d:\workspace\moderncpp\moderncpp\x64\debug\moderncpp.ilk
d:\workspace\moderncpp\moderncpp\x64\debug\moderncpp.pdb
d:\git\cppprojects\moderncpp\moderncpp\moderncpp\x64\debug\linked_list.obj
d:\git\cppprojects\moderncpp\moderncpp\moderncpp\x64\debug\main.obj
d:\git\cppprojects\moderncpp\moderncpp\moderncpp\x64\debug\student.obj
d:\git\cppprojects\moderncpp\moderncpp\moderncpp\x64\debug\vc141.idb
d:\git\cppprojects\moderncpp\moderncpp\moderncpp\x64\debug\vc141.pdb
d:\git\cppprojects\moderncpp\moderncpp\x64\debug\moderncpp.pdb
d:\git\cppprojects\moderncpp\moderncpp\x64\debug\moderncpp.exe
d:\git\cppprojects\moderncpp\moderncpp\x64\debug\moderncpp.ilk
d:\git\cppprojects\moderncpp\moderncpp\moderncpp\x64\debug\moderncpp.tlog\cl.command.1.tlog
d:\git\cppprojects\moderncpp\moderncpp\moderncpp\x64\debug\moderncpp.tlog\cl.read.1.tlog
d:\git\cppprojects\moderncpp\moderncpp\moderncpp\x64\debug\moderncpp.tlog\cl.write.1.tlog
d:\git\cppprojects\moderncpp\moderncpp\moderncpp\x64\debug\moderncpp.tlog\link.command.1.tlog
d:\git\cppprojects\moderncpp\moderncpp\moderncpp\x64\debug\moderncpp.tlog\link.read.1.tlog
d:\git\cppprojects\moderncpp\moderncpp\moderncpp\x64\debug\moderncpp.tlog\link.write.1.tlog
